TN:
SF:knexfile.js
FNF:0
FNH:0
DA:1,1
DA:2,1
DA:3,1
DA:4,1
DA:5,1
DA:6,1
DA:7,1
DA:8,1
DA:9,1
DA:10,1
DA:11,1
DA:12,1
DA:13,1
DA:14,1
DA:15,1
DA:16,1
DA:17,1
DA:18,1
DA:19,1
DA:20,1
DA:21,1
DA:22,1
DA:23,1
DA:24,1
DA:25,1
DA:26,1
DA:27,1
DA:28,1
DA:29,1
DA:30,1
DA:31,1
DA:32,1
DA:33,1
DA:34,1
DA:35,1
DA:36,1
DA:37,1
DA:38,1
LF:38
LH:38
BRDA:1,0,0,1
BRF:1
BRH:1
end_of_record
TN:
SF:src/database/connections/knex.js
FNF:0
FNH:0
DA:1,1
DA:2,1
DA:3,1
DA:4,1
DA:5,1
DA:6,1
DA:7,1
DA:8,1
DA:9,1
LF:9
LH:9
BRDA:1,0,0,1
BRF:1
BRH:1
end_of_record
TN:
SF:src/database/entities/user.js
FN:1,get
FN:5,findAll
FN:9,create
FNF:3
FNH:0
FNDA:0,get
FNDA:0,findAll
FNDA:0,create
DA:1,0
DA:2,0
DA:3,0
DA:4,1
DA:5,1
DA:6,0
DA:7,0
DA:8,0
DA:9,1
DA:10,0
DA:11,0
DA:12,0
DA:13,0
DA:14,0
DA:15,1
DA:16,1
DA:17,1
DA:18,1
DA:19,1
DA:20,1
DA:21,1
DA:22,1
DA:23,1
DA:24,1
LF:24
LH:13
BRDA:1,0,0,1
BRF:1
BRH:1
end_of_record
TN:
SF:src/services/user.js
FN:6,findAll
FN:14,create
FN:26,validateRequiredFields
FN:38,validatePassword
FNF:4
FNH:2
FNDA:0,findAll
FNDA:0,create
FNDA:2,validateRequiredFields
FNDA:2,validatePassword
DA:1,1
DA:2,1
DA:3,1
DA:4,1
DA:5,1
DA:6,0
DA:7,0
DA:8,0
DA:9,0
DA:10,0
DA:11,0
DA:12,0
DA:13,0
DA:14,1
DA:15,0
DA:16,0
DA:17,0
DA:18,0
DA:19,0
DA:20,0
DA:21,0
DA:22,0
DA:23,0
DA:24,0
DA:25,0
DA:26,1
DA:27,2
DA:28,2
DA:29,2
DA:30,2
DA:31,2
DA:32,2
DA:33,2
DA:34,4
DA:35,2
DA:36,4
DA:37,1
DA:38,1
DA:39,2
DA:40,2
DA:41,2
DA:42,2
DA:43,2
DA:44,2
DA:45,2
DA:46,2
DA:47,1
DA:48,1
DA:49,2
DA:50,1
DA:51,2
DA:52,1
DA:53,1
DA:54,1
DA:55,1
DA:56,1
DA:57,1
DA:58,1
DA:59,1
DA:60,1
DA:61,1
DA:62,1
DA:63,1
DA:64,1
LF:64
LH:45
BRDA:1,0,0,1
BRDA:26,1,0,2
BRDA:33,2,0,4
BRDA:34,3,0,2
BRDA:36,4,0,2
BRDA:38,5,0,2
BRDA:46,6,0,1
BRDA:49,7,0,0
BRDA:49,8,0,1
BRDA:51,9,0,0
BRDA:51,10,0,1
BRF:11
BRH:9
end_of_record
TN:
SF:src/services/exceptions/HttpRequestError.js
FN:1,BadRequest
FN:2,Unauthorized
FNF:2
FNH:0
FNDA:0,BadRequest
FNDA:0,Unauthorized
DA:1,0
DA:2,1
DA:3,0
DA:4,0
DA:5,0
DA:6,0
DA:7,0
DA:8,1
DA:9,1
DA:10,1
DA:11,1
DA:12,1
DA:13,1
DA:14,1
DA:15,1
DA:16,1
DA:17,1
DA:18,1
DA:19,1
LF:19
LH:13
BRDA:1,0,0,1
BRF:1
BRH:1
end_of_record
